D:\PROJECTS\RENDERTOCONSOLE\RENDERTOCONSOLE\DEBUG\RENDERTOCONSOLE.PCH
D:\PROJECTS\RENDERTOCONSOLE\RENDERTOCONSOLE\DEBUG\TRIANGLE.OBJ
D:\PROJECTS\RENDERTOCONSOLE\RENDERTOCONSOLE\DEBUG\STDAFX.OBJ
D:\PROJECTS\RENDERTOCONSOLE\RENDERTOCONSOLE\DEBUG\MAIN.OBJ
D:\PROJECTS\RENDERTOCONSOLE\RENDERTOCONSOLE\DEBUG\GRAPHICAPPLICATION.OBJ
D:\PROJECTS\RENDERTOCONSOLE\RENDERTOCONSOLE\DEBUG\FIGURE.OBJ
D:\PROJECTS\RENDERTOCONSOLE\RENDERTOCONSOLE\DEBUG\VC110.PDB
D:\PROJECTS\RENDERTOCONSOLE\RENDERTOCONSOLE\RENDERTOCONSOLE.ILK
D:\PROJECTS\RENDERTOCONSOLE\RENDERTOCONSOLE\RENDERTOCONSOLE.EXE
D:\PROJECTS\RENDERTOCONSOLE\RENDERTOCONSOLE\RENDERTOCONSOLE.PDB
d:\Projects\RenderToConsole\RenderToConsole\Debug\Figure.obj
d:\Projects\RenderToConsole\RenderToConsole\Debug\GraphicApplication.obj
d:\Projects\RenderToConsole\RenderToConsole\Debug\main.obj
d:\Projects\RenderToConsole\RenderToConsole\Debug\StdAfx.obj
d:\Projects\RenderToConsole\RenderToConsole\Debug\Triangle.obj
d:\Projects\RenderToConsole\RenderToConsole\Debug\cl.command.1.tlog
d:\Projects\RenderToConsole\RenderToConsole\Debug\CL.read.1.tlog
d:\Projects\RenderToConsole\RenderToConsole\Debug\CL.write.1.tlog
d:\Projects\RenderToConsole\RenderToConsole\Debug\link-cvtres.read.1.tlog
d:\Projects\RenderToConsole\RenderToConsole\Debug\link-cvtres.write.1.tlog
d:\Projects\RenderToConsole\RenderToConsole\Debug\link-rc.read.1.tlog
d:\Projects\RenderToConsole\RenderToConsole\Debug\link-rc.write.1.tlog
d:\Projects\RenderToConsole\RenderToConsole\Debug\link.command.1.tlog
d:\Projects\RenderToConsole\RenderToConsole\Debug\link.read.1.tlog
d:\Projects\RenderToConsole\RenderToConsole\Debug\link.write.1.tlog
d:\Projects\RenderToConsole\RenderToConsole\Debug\RenderToConsole.pch
d:\Projects\RenderToConsole\RenderToConsole\Debug\vc110.idb
d:\Projects\RenderToConsole\RenderToConsole\Debug\vc110.pdb
d:\Projects\RenderToConsole\RenderToConsole\RenderToConsole.pdb
d:\Projects\RenderToConsole\RenderToConsole\RenderToConsole.exe
d:\Projects\RenderToConsole\RenderToConsole\RenderToConsole.ilk
